0 info it worked if it ends with ok
1 verbose cli [ 'C:\\Program Files\\nodejs\\node.exe',
1 verbose cli   'C:\\Program Files\\nodejs\\node_modules\\npm\\bin\\npm-cli.js',
1 verbose cli   'run',
1 verbose cli   'run' ]
2 info using npm@3.10.10
3 info using node@v7.2.1
4 verbose run-script [ 'prerun', 'run', 'postrun' ]
5 info lifecycle react-mc-cards@1.0.0~prerun: react-mc-cards@1.0.0
6 silly lifecycle react-mc-cards@1.0.0~prerun: no script for prerun, continuing
7 info lifecycle react-mc-cards@1.0.0~run: react-mc-cards@1.0.0
8 verbose lifecycle react-mc-cards@1.0.0~run: unsafe-perm in lifecycle true
9 verbose lifecycle react-mc-cards@1.0.0~run: PATH: C:\Program Files\nodejs\node_modules\npm\bin\node-gyp-bin;D:\proyectos\react-components\react-mc-cards\node_modules\.bin;C:\Users\Administrador.000\AppData\Local\Programs\Python\Python36-32;C:\Python27\;C:\Python27\Scripts;C:\ProgramData\Oracle\Java\javapath;C:\Ruby23-x64\bin;C:\WINDOWS\system32;C:\WINDOWS;C:\WINDOWS\System32\Wbem;C:\WINDOWS\System32\WindowsPowerShell\v1.0\;C:\Program Files (x86)\Windows Kits\8.1\Windows Performance Toolkit\;C:\Program Files\Microsoft SQL Server\110\Tools\Binn\;C:\Program Files\nodejs\;C:\Program Files\Git\cmd;E:\android sdk\tools;D:\xampp\php;C:\ProgramData\ComposerSetup\bin;C:\Users\Administrador.000\AppData\Local\Programs\Python\Launcher\;C:\Users\Administrador\AppData\Roaming\npm;C:\Users\Administrador.000\AppData\Local\Microsoft\WindowsApps;C:\Users\Administrador.000\AppData\Roaming\npm;C:\ProgramData\Oracle\Java\javapath;C:\Users\Administrador.000\AppData\Local\atom\bin;C:\Users\Administrador.000\AppData\Roaming\Composer\vendor\bin;C:\Python2.7;C:\Python3.4;C:\Python34;C:\Python3.5;C:\Python35;C:\Program Files (x86)\Python 2.7;C:\Program Files (x86)\Python 3.4;C:\Program Files (x86)\Python 3.5;C:\Program Files (x64)\Python 2.7;C:\Program Files (x64)\Python 3.4;C:\Program Files (x64)\Python 3.5;C:\Program Files\Python 2.7;C:\Program Files\Python 3.4;C:\Program Files\Python 3.5
10 verbose lifecycle react-mc-cards@1.0.0~run: CWD: D:\proyectos\react-components\react-mc-cards
11 silly lifecycle react-mc-cards@1.0.0~run: Args: [ '/d /s /c',
11 silly lifecycle   'npm run build && browser-sync start --server "www"' ]
12 verbose stack Error: kill ENOSYS
12 verbose stack     at exports._errnoException (util.js:1022:11)
12 verbose stack     at process.kill (internal/process.js:173:13)
12 verbose stack     at process.listener (C:\Program Files\nodejs\node_modules\npm\node_modules\npmlog\node_modules\gauge\node_modules\signal-exit\index.js:86:15)
12 verbose stack     at emitNone (events.js:91:20)
12 verbose stack     at process.emit (events.js:185:7)
12 verbose stack     at processEmit (C:\Program Files\nodejs\node_modules\npm\node_modules\npmlog\node_modules\gauge\node_modules\signal-exit\index.js:146:32)
12 verbose stack     at processEmit (C:\Program Files\nodejs\node_modules\npm\node_modules\npm-registry-client\node_modules\npmlog\node_modules\gauge\node_modules\signal-exit\index.js:146:32)
12 verbose stack     at Signal.wrap.onsignal (internal/process.js:200:44)
13 verbose cwd D:\proyectos\react-components\react-mc-cards
14 error Windows_NT 10.0.14393
15 error argv "C:\\Program Files\\nodejs\\node.exe" "C:\\Program Files\\nodejs\\node_modules\\npm\\bin\\npm-cli.js" "run" "run"
16 error node v7.2.1
17 error npm  v3.10.10
18 error code ENOSYS
19 error errno ENOSYS
20 error syscall kill
21 error kill ENOSYS
22 error If you need help, you may report this error at:
22 error     <https://github.com/npm/npm/issues>
23 verbose exit [ 1, true ]
